running develop
running egg_info
creating f1tenth_teleop.egg-info
writing f1tenth_teleop.egg-info/PKG-INFO
writing dependency_links to f1tenth_teleop.egg-info/dependency_links.txt
writing entry points to f1tenth_teleop.egg-info/entry_points.txt
writing requirements to f1tenth_teleop.egg-info/requires.txt
writing top-level names to f1tenth_teleop.egg-info/top_level.txt
writing manifest file 'f1tenth_teleop.egg-info/SOURCES.txt'
reading manifest file 'f1tenth_teleop.egg-info/SOURCES.txt'
writing manifest file 'f1tenth_teleop.egg-info/SOURCES.txt'
running build_ext
Creating /home/airou/PycharmProjects/arcpro_rl_base_case_waypointer/src/robo_racer/src/f1tenth_teleop/install/f1tenth_teleop/lib/python3.12/site-packages/f1tenth-teleop.egg-link (link to .)
Installing twist_to_ackermann script to /home/airou/PycharmProjects/arcpro_rl_base_case_waypointer/src/robo_racer/src/f1tenth_teleop/install/f1tenth_teleop/lib/f1tenth_teleop

Installed /home/airou/PycharmProjects/arcpro_rl_base_case_waypointer/src/robo_racer/src/f1tenth_teleop/build/f1tenth_teleop
running symlink_data
creating /home/airou/PycharmProjects/arcpro_rl_base_case_waypointer/src/robo_racer/src/f1tenth_teleop/install/f1tenth_teleop/share/ament_index
creating /home/airou/PycharmProjects/arcpro_rl_base_case_waypointer/src/robo_racer/src/f1tenth_teleop/install/f1tenth_teleop/share/ament_index/resource_index
creating /home/airou/PycharmProjects/arcpro_rl_base_case_waypointer/src/robo_racer/src/f1tenth_teleop/install/f1tenth_teleop/share/ament_index/resource_index/packages
symbolically linking /home/airou/PycharmProjects/arcpro_rl_base_case_waypointer/src/robo_racer/src/f1tenth_teleop/build/f1tenth_teleop/resource/f1tenth_teleop -> /home/airou/PycharmProjects/arcpro_rl_base_case_waypointer/src/robo_racer/src/f1tenth_teleop/install/f1tenth_teleop/share/ament_index/resource_index/packages
symbolically linking /home/airou/PycharmProjects/arcpro_rl_base_case_waypointer/src/robo_racer/src/f1tenth_teleop/build/f1tenth_teleop/package.xml -> /home/airou/PycharmProjects/arcpro_rl_base_case_waypointer/src/robo_racer/src/f1tenth_teleop/install/f1tenth_teleop/share/f1tenth_teleop
creating /home/airou/PycharmProjects/arcpro_rl_base_case_waypointer/src/robo_racer/src/f1tenth_teleop/install/f1tenth_teleop/share/f1tenth_teleop/launch
symbolically linking /home/airou/PycharmProjects/arcpro_rl_base_case_waypointer/src/robo_racer/src/f1tenth_teleop/build/f1tenth_teleop/launch/teleop_ackermann.launch.py -> /home/airou/PycharmProjects/arcpro_rl_base_case_waypointer/src/robo_racer/src/f1tenth_teleop/install/f1tenth_teleop/share/f1tenth_teleop/launch
creating /home/airou/PycharmProjects/arcpro_rl_base_case_waypointer/src/robo_racer/src/f1tenth_teleop/install/f1tenth_teleop/share/f1tenth_teleop/config
symbolically linking /home/airou/PycharmProjects/arcpro_rl_base_case_waypointer/src/robo_racer/src/f1tenth_teleop/build/f1tenth_teleop/config/teleop_twist_joy.yaml -> /home/airou/PycharmProjects/arcpro_rl_base_case_waypointer/src/robo_racer/src/f1tenth_teleop/install/f1tenth_teleop/share/f1tenth_teleop/config
