[0.070s] DEBUG:colcon:Command line arguments: ['/usr/bin/colcon', 'build', '--parallel-workers', '8', '--symlink-install', '--cmake-args', '-DCMAKE_BUILD_TYPE=Release']
[0.070s] DEBUG:colcon:Parsed command line arguments: Namespace(log_base=None, log_level=None, verb_name='build', build_base='build', install_base='install', merge_install=False, symlink_install=True, test_result_base=None, continue_on_error=False, executor='parallel', parallel_workers=8, event_handlers=None, ignore_user_meta=False, metas=['./colcon.meta'], base_paths=['.'], packages_ignore=None, packages_ignore_regex=None, paths=None, packages_up_to=None, packages_up_to_regex=None, packages_above=None, packages_above_and_dependencies=None, packages_above_depth=None, packages_select_by_dep=None, packages_skip_by_dep=None, packages_skip_up_to=None, packages_select_build_failed=False, packages_skip_build_finished=False, packages_select_test_failures=False, packages_skip_test_passed=False, packages_select=None, packages_skip=None, packages_select_regex=None, packages_skip_regex=None, packages_start=None, packages_end=None, allow_overriding=[], cmake_args=['-DCMAKE_BUILD_TYPE=Release'], cmake_target=None, cmake_target_skip_unavailable=False, cmake_clean_cache=False, cmake_clean_first=False, cmake_force_configure=False, ament_cmake_args=None, catkin_cmake_args=None, catkin_skip_building_tests=False, verb_parser=<colcon_defaults.argument_parser.defaults.DefaultArgumentsDecorator object at 0x7d5612a878f0>, verb_extension=<colcon_core.verb.build.BuildVerb object at 0x7d5612a87740>, main=<bound method BuildVerb.main of <colcon_core.verb.build.BuildVerb object at 0x7d5612a87740>>)
[0.096s] Level 1:colcon.colcon_core.package_discovery:discover_packages(colcon_meta) check parameters
[0.096s] Level 1:colcon.colcon_core.package_discovery:discover_packages(recursive) check parameters
[0.096s] Level 1:colcon.colcon_core.package_discovery:discover_packages(ignore) check parameters
[0.096s] Level 1:colcon.colcon_core.package_discovery:discover_packages(path) check parameters
[0.096s] Level 1:colcon.colcon_core.package_discovery:discover_packages(colcon_meta) discover
[0.096s] Level 1:colcon.colcon_core.package_discovery:discover_packages(recursive) discover
[0.096s] INFO:colcon.colcon_core.package_discovery:Crawling recursively for packages in '/home/airou/PycharmProjects/arcpro_rl_base_case_waypointer/src/robo_racer/src/f1tenth_teleop'
[0.096s] Level 1:colcon.colcon_core.package_identification:_identify(.) by extensions ['ignore', 'ignore_ament_install']
[0.096s] Level 1:colcon.colcon_core.package_identification:_identify(.) by extension 'ignore'
[0.097s] Level 1:colcon.colcon_core.package_identification:_identify(.) by extension 'ignore_ament_install'
[0.097s] Level 1:colcon.colcon_core.package_identification:_identify(.) by extensions ['colcon_pkg']
[0.097s] Level 1:colcon.colcon_core.package_identification:_identify(.) by extension 'colcon_pkg'
[0.097s] Level 1:colcon.colcon_core.package_identification:_identify(.) by extensions ['colcon_meta']
[0.097s] Level 1:colcon.colcon_core.package_identification:_identify(.) by extension 'colcon_meta'
[0.097s] Level 1:colcon.colcon_core.package_identification:_identify(.) by extensions ['ros']
[0.097s] Level 1:colcon.colcon_core.package_identification:_identify(.) by extension 'ros'
[0.116s] DEBUG:colcon.colcon_core.package_identification:Package '.' with type 'ros.ament_python' and name 'f1tenth_teleop'
[0.116s] Level 1:colcon.colcon_core.package_discovery:discover_packages(recursive) using defaults
[0.116s] Level 1:colcon.colcon_core.package_discovery:discover_packages(ignore) discover
[0.116s] Level 1:colcon.colcon_core.package_discovery:discover_packages(ignore) using defaults
[0.116s] Level 1:colcon.colcon_core.package_discovery:discover_packages(path) discover
[0.116s] Level 1:colcon.colcon_core.package_discovery:discover_packages(path) using defaults
[0.128s] Level 1:colcon.colcon_core.package_discovery:discover_packages(prefix_path) check parameters
[0.128s] Level 1:colcon.colcon_core.package_discovery:discover_packages(prefix_path) discover
[0.130s] DEBUG:colcon.colcon_installed_package_information.package_discovery:Found 427 installed packages in /opt/ros/jazzy
[0.131s] Level 1:colcon.colcon_core.package_discovery:discover_packages(prefix_path) using defaults
[0.168s] Level 5:colcon.colcon_core.verb:set package 'f1tenth_teleop' build argument 'cmake_args' from command line to '['-DCMAKE_BUILD_TYPE=Release']'
[0.168s] Level 5:colcon.colcon_core.verb:set package 'f1tenth_teleop' build argument 'cmake_target' from command line to 'None'
[0.168s] Level 5:colcon.colcon_core.verb:set package 'f1tenth_teleop' build argument 'cmake_target_skip_unavailable' from command line to 'False'
[0.168s] Level 5:colcon.colcon_core.verb:set package 'f1tenth_teleop' build argument 'cmake_clean_cache' from command line to 'False'
[0.168s] Level 5:colcon.colcon_core.verb:set package 'f1tenth_teleop' build argument 'cmake_clean_first' from command line to 'False'
[0.168s] Level 5:colcon.colcon_core.verb:set package 'f1tenth_teleop' build argument 'cmake_force_configure' from command line to 'False'
[0.168s] Level 5:colcon.colcon_core.verb:set package 'f1tenth_teleop' build argument 'ament_cmake_args' from command line to 'None'
[0.168s] Level 5:colcon.colcon_core.verb:set package 'f1tenth_teleop' build argument 'catkin_cmake_args' from command line to 'None'
[0.168s] Level 5:colcon.colcon_core.verb:set package 'f1tenth_teleop' build argument 'catkin_skip_building_tests' from command line to 'False'
[0.168s] DEBUG:colcon.colcon_core.verb:Building package 'f1tenth_teleop' with the following arguments: {'ament_cmake_args': None, 'build_base': '/home/airou/PycharmProjects/arcpro_rl_base_case_waypointer/src/robo_racer/src/f1tenth_teleop/build/f1tenth_teleop', 'catkin_cmake_args': None, 'catkin_skip_building_tests': False, 'cmake_args': ['-DCMAKE_BUILD_TYPE=Release'], 'cmake_clean_cache': False, 'cmake_clean_first': False, 'cmake_force_configure': False, 'cmake_target': None, 'cmake_target_skip_unavailable': False, 'install_base': '/home/airou/PycharmProjects/arcpro_rl_base_case_waypointer/src/robo_racer/src/f1tenth_teleop/install/f1tenth_teleop', 'merge_install': False, 'path': '/home/airou/PycharmProjects/arcpro_rl_base_case_waypointer/src/robo_racer/src/f1tenth_teleop', 'symlink_install': True, 'test_result_base': None}
[0.168s] INFO:colcon.colcon_core.executor:Executing jobs using 'parallel' executor
[0.169s] DEBUG:colcon.colcon_parallel_executor.executor.parallel:run_until_complete
[0.169s] INFO:colcon.colcon_ros.task.ament_python.build:Building ROS package in '/home/airou/PycharmProjects/arcpro_rl_base_case_waypointer/src/robo_racer/src/f1tenth_teleop' with build type 'ament_python'
[0.169s] Level 1:colcon.colcon_core.shell:create_environment_hook('f1tenth_teleop', 'ament_prefix_path')
[0.170s] INFO:colcon.colcon_core.plugin_system:Skipping extension 'colcon_core.shell.bat': Not used on non-Windows systems
[0.170s] INFO:colcon.colcon_core.shell:Creating environment hook '/home/airou/PycharmProjects/arcpro_rl_base_case_waypointer/src/robo_racer/src/f1tenth_teleop/install/f1tenth_teleop/share/f1tenth_teleop/hook/ament_prefix_path.ps1'
[0.171s] INFO:colcon.colcon_core.shell:Creating environment descriptor '/home/airou/PycharmProjects/arcpro_rl_base_case_waypointer/src/robo_racer/src/f1tenth_teleop/install/f1tenth_teleop/share/f1tenth_teleop/hook/ament_prefix_path.dsv'
[0.171s] INFO:colcon.colcon_core.shell:Creating environment hook '/home/airou/PycharmProjects/arcpro_rl_base_case_waypointer/src/robo_racer/src/f1tenth_teleop/install/f1tenth_teleop/share/f1tenth_teleop/hook/ament_prefix_path.sh'
[0.171s] INFO:colcon.colcon_core.shell:Skip shell extension 'powershell' for command environment: Not usable outside of PowerShell
[0.171s] DEBUG:colcon.colcon_core.shell:Skip shell extension 'dsv' for command environment
[0.342s] INFO:colcon.colcon_core.task.python.build:Building Python package in '/home/airou/PycharmProjects/arcpro_rl_base_case_waypointer/src/robo_racer/src/f1tenth_teleop'
[0.342s] INFO:colcon.colcon_core.shell:Skip shell extension 'powershell' for command environment: Not usable outside of PowerShell
[0.342s] DEBUG:colcon.colcon_core.shell:Skip shell extension 'dsv' for command environment
[0.877s] DEBUG:colcon.colcon_core.event_handler.log_command:Invoking command in '/home/airou/PycharmProjects/arcpro_rl_base_case_waypointer/src/robo_racer/src/f1tenth_teleop/build/f1tenth_teleop': DEBUGINFOD_URLS=https://debuginfod.ubuntu.com PYTHONPATH=/home/airou/PycharmProjects/arcpro_rl_base_case_waypointer/src/robo_racer/src/f1tenth_teleop/build/f1tenth_teleop/prefix_override:/usr/lib/python3/dist-packages/colcon_core/task/python/colcon_distutils_commands:/home/airou/PycharmProjects/arcpro_rl_base_case_waypointer/src/robo_racer/src/f1tenth_teleop/install/f1tenth_teleop/lib/python3.12/site-packages:${PYTHONPATH} /usr/bin/python3 -W ignore:setup.py install is deprecated -W ignore:easy_install command is deprecated setup.py develop --editable --build-directory /home/airou/PycharmProjects/arcpro_rl_base_case_waypointer/src/robo_racer/src/f1tenth_teleop/build/f1tenth_teleop/build --no-deps symlink_data
[1.377s] Level 1:colcon.colcon_core.shell:create_environment_hook('f1tenth_teleop', 'pythonpath_develop')
[1.377s] INFO:colcon.colcon_core.shell:Creating environment hook '/home/airou/PycharmProjects/arcpro_rl_base_case_waypointer/src/robo_racer/src/f1tenth_teleop/build/f1tenth_teleop/share/f1tenth_teleop/hook/pythonpath_develop.ps1'
[1.378s] DEBUG:colcon.colcon_core.event_handler.log_command:Invoked command in '/home/airou/PycharmProjects/arcpro_rl_base_case_waypointer/src/robo_racer/src/f1tenth_teleop/build/f1tenth_teleop' returned '0': DEBUGINFOD_URLS=https://debuginfod.ubuntu.com PYTHONPATH=/home/airou/PycharmProjects/arcpro_rl_base_case_waypointer/src/robo_racer/src/f1tenth_teleop/build/f1tenth_teleop/prefix_override:/usr/lib/python3/dist-packages/colcon_core/task/python/colcon_distutils_commands:/home/airou/PycharmProjects/arcpro_rl_base_case_waypointer/src/robo_racer/src/f1tenth_teleop/install/f1tenth_teleop/lib/python3.12/site-packages:${PYTHONPATH} /usr/bin/python3 -W ignore:setup.py install is deprecated -W ignore:easy_install command is deprecated setup.py develop --editable --build-directory /home/airou/PycharmProjects/arcpro_rl_base_case_waypointer/src/robo_racer/src/f1tenth_teleop/build/f1tenth_teleop/build --no-deps symlink_data
[1.378s] INFO:colcon.colcon_core.shell:Creating environment descriptor '/home/airou/PycharmProjects/arcpro_rl_base_case_waypointer/src/robo_racer/src/f1tenth_teleop/build/f1tenth_teleop/share/f1tenth_teleop/hook/pythonpath_develop.dsv'
[1.378s] INFO:colcon.colcon_core.shell:Creating environment hook '/home/airou/PycharmProjects/arcpro_rl_base_case_waypointer/src/robo_racer/src/f1tenth_teleop/build/f1tenth_teleop/share/f1tenth_teleop/hook/pythonpath_develop.sh'
[1.380s] Level 1:colcon.colcon_core.environment:checking '/home/airou/PycharmProjects/arcpro_rl_base_case_waypointer/src/robo_racer/src/f1tenth_teleop/install/f1tenth_teleop' for CMake module files
[1.380s] Level 1:colcon.colcon_core.environment:checking '/home/airou/PycharmProjects/arcpro_rl_base_case_waypointer/src/robo_racer/src/f1tenth_teleop/install/f1tenth_teleop' for CMake config files
[1.380s] Level 1:colcon.colcon_core.environment:checking '/home/airou/PycharmProjects/arcpro_rl_base_case_waypointer/src/robo_racer/src/f1tenth_teleop/install/f1tenth_teleop/lib'
[1.381s] Level 1:colcon.colcon_core.environment:checking '/home/airou/PycharmProjects/arcpro_rl_base_case_waypointer/src/robo_racer/src/f1tenth_teleop/install/f1tenth_teleop/bin'
[1.381s] Level 1:colcon.colcon_core.environment:checking '/home/airou/PycharmProjects/arcpro_rl_base_case_waypointer/src/robo_racer/src/f1tenth_teleop/install/f1tenth_teleop/lib/pkgconfig/f1tenth_teleop.pc'
[1.381s] Level 1:colcon.colcon_core.environment:checking '/home/airou/PycharmProjects/arcpro_rl_base_case_waypointer/src/robo_racer/src/f1tenth_teleop/install/f1tenth_teleop/lib/python3.12/site-packages'
[1.381s] Level 1:colcon.colcon_core.shell:create_environment_hook('f1tenth_teleop', 'pythonpath')
[1.381s] INFO:colcon.colcon_core.shell:Creating environment hook '/home/airou/PycharmProjects/arcpro_rl_base_case_waypointer/src/robo_racer/src/f1tenth_teleop/install/f1tenth_teleop/share/f1tenth_teleop/hook/pythonpath.ps1'
[1.381s] INFO:colcon.colcon_core.shell:Creating environment descriptor '/home/airou/PycharmProjects/arcpro_rl_base_case_waypointer/src/robo_racer/src/f1tenth_teleop/install/f1tenth_teleop/share/f1tenth_teleop/hook/pythonpath.dsv'
[1.381s] INFO:colcon.colcon_core.shell:Creating environment hook '/home/airou/PycharmProjects/arcpro_rl_base_case_waypointer/src/robo_racer/src/f1tenth_teleop/install/f1tenth_teleop/share/f1tenth_teleop/hook/pythonpath.sh'
[1.382s] Level 1:colcon.colcon_core.environment:checking '/home/airou/PycharmProjects/arcpro_rl_base_case_waypointer/src/robo_racer/src/f1tenth_teleop/install/f1tenth_teleop/bin'
[1.382s] Level 1:colcon.colcon_core.environment:create_environment_scripts_only(f1tenth_teleop)
[1.382s] INFO:colcon.colcon_core.shell:Creating package script '/home/airou/PycharmProjects/arcpro_rl_base_case_waypointer/src/robo_racer/src/f1tenth_teleop/install/f1tenth_teleop/share/f1tenth_teleop/package.ps1'
[1.382s] INFO:colcon.colcon_core.shell:Creating package descriptor '/home/airou/PycharmProjects/arcpro_rl_base_case_waypointer/src/robo_racer/src/f1tenth_teleop/install/f1tenth_teleop/share/f1tenth_teleop/package.dsv'
[1.383s] INFO:colcon.colcon_core.shell:Creating package script '/home/airou/PycharmProjects/arcpro_rl_base_case_waypointer/src/robo_racer/src/f1tenth_teleop/install/f1tenth_teleop/share/f1tenth_teleop/package.sh'
[1.383s] INFO:colcon.colcon_core.shell:Creating package script '/home/airou/PycharmProjects/arcpro_rl_base_case_waypointer/src/robo_racer/src/f1tenth_teleop/install/f1tenth_teleop/share/f1tenth_teleop/package.bash'
[1.384s] INFO:colcon.colcon_core.shell:Creating package script '/home/airou/PycharmProjects/arcpro_rl_base_case_waypointer/src/robo_racer/src/f1tenth_teleop/install/f1tenth_teleop/share/f1tenth_teleop/package.zsh'
[1.384s] Level 1:colcon.colcon_core.environment:create_file_with_runtime_dependencies(/home/airou/PycharmProjects/arcpro_rl_base_case_waypointer/src/robo_racer/src/f1tenth_teleop/install/f1tenth_teleop/share/colcon-core/packages/f1tenth_teleop)
[1.384s] DEBUG:colcon.colcon_parallel_executor.executor.parallel:closing loop
[1.384s] DEBUG:colcon.colcon_parallel_executor.executor.parallel:loop closed
[1.384s] DEBUG:colcon.colcon_parallel_executor.executor.parallel:run_until_complete finished with '0'
[1.384s] DEBUG:colcon.colcon_core.event_reactor:joining thread
[1.388s] INFO:colcon.colcon_core.plugin_system:Skipping extension 'colcon_notification.desktop_notification.terminal_notifier': Not used on non-Darwin systems
[1.388s] INFO:colcon.colcon_core.plugin_system:Skipping extension 'colcon_notification.desktop_notification.win32': Not used on non-Windows systems
[1.388s] INFO:colcon.colcon_notification.desktop_notification:Sending desktop notification using 'notify2'
[1.389s] DEBUG:colcon.colcon_notification.desktop_notification.notify2:Failed to initialize notify2: org.freedesktop.DBus.Error.ServiceUnknown: The name org.freedesktop.Notifications was not provided by any .service files
[1.389s] DEBUG:colcon.colcon_core.event_reactor:joined thread
[1.389s] INFO:colcon.colcon_core.shell:Creating prefix script '/home/airou/PycharmProjects/arcpro_rl_base_case_waypointer/src/robo_racer/src/f1tenth_teleop/install/local_setup.ps1'
[1.389s] INFO:colcon.colcon_core.shell:Creating prefix util module '/home/airou/PycharmProjects/arcpro_rl_base_case_waypointer/src/robo_racer/src/f1tenth_teleop/install/_local_setup_util_ps1.py'
[1.390s] INFO:colcon.colcon_core.shell:Creating prefix chain script '/home/airou/PycharmProjects/arcpro_rl_base_case_waypointer/src/robo_racer/src/f1tenth_teleop/install/setup.ps1'
[1.390s] INFO:colcon.colcon_core.shell:Creating prefix script '/home/airou/PycharmProjects/arcpro_rl_base_case_waypointer/src/robo_racer/src/f1tenth_teleop/install/local_setup.sh'
[1.391s] INFO:colcon.colcon_core.shell:Creating prefix util module '/home/airou/PycharmProjects/arcpro_rl_base_case_waypointer/src/robo_racer/src/f1tenth_teleop/install/_local_setup_util_sh.py'
[1.391s] INFO:colcon.colcon_core.shell:Creating prefix chain script '/home/airou/PycharmProjects/arcpro_rl_base_case_waypointer/src/robo_racer/src/f1tenth_teleop/install/setup.sh'
[1.392s] INFO:colcon.colcon_core.shell:Creating prefix script '/home/airou/PycharmProjects/arcpro_rl_base_case_waypointer/src/robo_racer/src/f1tenth_teleop/install/local_setup.bash'
[1.392s] INFO:colcon.colcon_core.shell:Creating prefix chain script '/home/airou/PycharmProjects/arcpro_rl_base_case_waypointer/src/robo_racer/src/f1tenth_teleop/install/setup.bash'
[1.392s] INFO:colcon.colcon_core.shell:Creating prefix script '/home/airou/PycharmProjects/arcpro_rl_base_case_waypointer/src/robo_racer/src/f1tenth_teleop/install/local_setup.zsh'
[1.393s] INFO:colcon.colcon_core.shell:Creating prefix chain script '/home/airou/PycharmProjects/arcpro_rl_base_case_waypointer/src/robo_racer/src/f1tenth_teleop/install/setup.zsh'
